---------------------------------------------------
M.U.G.E.N ver 1.1.0 Beta 1 P1 (2013.08.11) status log
---------------------------------------------------
Parsing command line...
Command line: C:\Users\Pedro\Downloads\mugen-1.1b1\mugen.exe
Parse command line OK
Initializing...
Allocating game variables
Reading configuration file...Setting language "en".
OK
Initializing timer...performance timer enabled...frequency 10000000...OK
Initializing keyboard...configuring...OK
Initializing input engine...OK
Initializing sound...OK
Initializing BGM...  OK
Initializing graphics...gameCoord 1280x720...render mode 2_20...trying 1280x720x32 mode 0x0...success...OK
Setting callbacks...OK
Initializing font...OK
Initializing game variables...OK
Session RNG seed is 1677613899
Loading system fonts...OK
Loading options...
Initializing pads...failed
Reinitializing input engine...OK
Remapping keys...OK
Reinitializing input engine...OK
Options loaded OK
Loading system...
  Load system file system.def...OK
  Load system spr...OK
  Load system snd...OK
  Load system fonts...OK
  Load system anim...OK
  Load [Title Info]...OK
  Load [Option Info]...OK
  Load [Select Info]...OK
  Load [VS Screen]...OK
  Load [Victory Screen]...OK
  Load [Demo Mode]...OK
  Load [Continue Screen]...OK
  Load [Game Over Screen]...OK
  Load [Win Screen]...OK
  Load [Survival Results Screen]...OK
  Load [Default Ending]...OK
  Load [End Credits]...OK
  Load TitleBG...VersusBG...VictoryBG...SelectBG...OptionBG...OK
  Loading fight data
    Opening fight data file data/mugen1/fight.def...OK
    Reading [Files]...OK
    Loading fonts...OK
    Load fight anim...OK
    Reading [Lifebar]...[Turns Lifebar]...[Simul Lifebar]...[Powerbar]...
    [Face]...[Simul Face]...[Turns Face]...
    [Name]...[Simul Name]...[Turns Name]...
    [Time]...[Combo]...[Round]...[WinIcon]...OK
    Allocating explods...OK
  Fight data loaded OK
Lua initing
Lua init complete
System loaded OK
Initialize OK
Set up graphics...timer...OK

Entering gameflow loop
Gameflow 0
Gameflow 1
Gameflow 2
Initializing character info...OK
Initializing select screen...finding characters...OK
Gameflow 3
Gameflow 4
Entering mode select.
Unloading match assets
Freeing players
Game loop init
Mode select init
End of mode select loop
Game loop deinit
Gameflow 6
Reset persist vars team 0
Reset persist vars team 1
Char kfm.def (0) request pal 8 3F (3F) -> reserved 2 (3B)
Char kfm720.def (1) request pal 10 3F (3F) -> reserved 4 (2F)
Gameflow 8
Gameflow 9
Gameflow 10
Gameflow 11
Loading match assets...
Loading stage...
  Loading BG...OK
Stage loaded OK
Setting game resolution 1280x960...OK
  Allocating helpers...OK
Match RNG seed: 639381351
Reset persist vars team 0
Reset persist vars team 1
Loading character chars/kfm/kfm.def...
  Loading info...OK
  Loading cmd command set kfm.cmd...OK
  Loading cns kfm.cns...OK
  Loading cmd state entry kfm.cmd...OK
  Loading common states common1.cns...OK
  Loading sff kfm.sff...OK
  Loading anim kfm.air...OK
  Loading snd kfm.snd...OK
  Loading pals...OK
  Loading learned AI kfm.ai...OK
  3012 expressions (979 on trigger lines)
Character kfm.def loaded OK
New char Kung Fu Man loaded into cache: (1/4 cached) Load time: 70.000ms
Loading character chars/kfm720/kfm720.def...
  Loading info...OK
  Loading cmd command set kfm720.cmd...OK
  Loading cns kfm720.cns...OK
  Loading cmd state entry kfm720.cmd...OK
  Loading common states common1.cns...OK
  Loading sff kfm720.sff...OK
  Loading anim kfm720.air...OK
  Loading snd kfm.snd...OK
  Loading pals...OK
  Loading learned AI kfm720.ai...OK
  3011 expressions (978 on trigger lines)
Character kfm720.def loaded OK
New char Kung Fu Man 720 loaded into cache: (2/4 cached) Load time: 100.000ms
Resetting round
Match assets initialized OK
Game loop init
Match loop init
CloseWindow event forced common loop quit.
End of match loop
Total time: 1.21s
Total frames: 69 	Skipped frames: 0
Avg game rate: 57.02
Avg frame rate: 57.02

Finishing match
Freeing players
Save persist vars P56 Kung Fu Man
Player Kung Fu Man cache count reduced: 0
Save persist vars P57 Kung Fu Man 720
Player Kung Fu Man 720 cache count reduced: 0
Match RNG closed
Game loop deinit
Gameflow 3
Gameflow 4
Entering mode select.
Setting game resolution 1280x720...OK
Unloading match assets
Freeing players
Unloading stage...OK
Game loop init
Mode select init
End of mode select loop
Game loop deinit
Returned from gameflow loop
Deinitializing...
Frames      : 682
Time elapsed: 11.610 sec
ticks: 1161, tps: 100, start 147, end 1308

Unloading match assets
Freeing players
Clearing player cache...Freeing player RC Kung Fu Man...CMD...CNS...SFF...AIR...SND...Misc...OK
Freeing player RC Kung Fu Man 720...CMD...CNS...SFF...AIR...SND...Misc...OK
OK
Freeing character info...OK
Freeing select screen...OK
Freeing fight data...OK
Freeing system data...OK
Freeing game variables...Unloading match assets
Freeing players
OK
Deinitializing input...pad...keyboard...OK
Removing callbacks...OK
Deintializing timer...OK
Deinitializing graphics...OK
Deinitializing BGM...OK
Deinitializing sound...OK
Successful program termination.

Log file successfully closed.
